0 info it worked if it ends with ok
1 verbose cli [ 'node', '/usr/local/bin/npm', 'install', 'masonry-layout' ]
2 info using npm@2.8.4
3 info using node@v0.12.2
4 verbose install initial load of /home/yuting/dev/ng-blog/package.json
5 verbose installManyTop reading scoped package data from /home/yuting/dev/ng-blog/node_modules/coffeelint/package.json
6 verbose installManyTop reading scoped package data from /home/yuting/dev/ng-blog/node_modules/grunt/package.json
7 verbose installManyTop reading scoped package data from /home/yuting/dev/ng-blog/node_modules/grunt-bump/package.json
8 verbose installManyTop reading scoped package data from /home/yuting/dev/ng-blog/node_modules/grunt-coffeelint/package.json
9 verbose installManyTop reading scoped package data from /home/yuting/dev/ng-blog/node_modules/grunt-contrib-clean/package.json
10 verbose installManyTop reading scoped package data from /home/yuting/dev/ng-blog/node_modules/grunt-contrib-coffee/package.json
11 verbose installManyTop reading scoped package data from /home/yuting/dev/ng-blog/node_modules/grunt-contrib-concat/package.json
12 verbose installManyTop reading scoped package data from /home/yuting/dev/ng-blog/node_modules/grunt-contrib-copy/package.json
13 verbose installManyTop reading scoped package data from /home/yuting/dev/ng-blog/node_modules/grunt-contrib-jshint/package.json
14 verbose installManyTop reading scoped package data from /home/yuting/dev/ng-blog/node_modules/grunt-contrib-less/package.json
15 verbose installManyTop reading scoped package data from /home/yuting/dev/ng-blog/node_modules/grunt-contrib-uglify/package.json
16 verbose installManyTop reading scoped package data from /home/yuting/dev/ng-blog/node_modules/grunt-contrib-watch/package.json
17 verbose installManyTop reading scoped package data from /home/yuting/dev/ng-blog/node_modules/grunt-conventional-changelog/package.json
18 verbose installManyTop reading scoped package data from /home/yuting/dev/ng-blog/node_modules/grunt-html2js/package.json
19 verbose installManyTop reading scoped package data from /home/yuting/dev/ng-blog/node_modules/grunt-karma/package.json
20 verbose installManyTop reading scoped package data from /home/yuting/dev/ng-blog/node_modules/grunt-ng-annotate/package.json
21 verbose installManyTop reading scoped package data from /home/yuting/dev/ng-blog/node_modules/karma/package.json
22 verbose installManyTop reading scoped package data from /home/yuting/dev/ng-blog/node_modules/karma-coffee-preprocessor/package.json
23 verbose installManyTop reading scoped package data from /home/yuting/dev/ng-blog/node_modules/karma-firefox-launcher/package.json
24 verbose installManyTop reading scoped package data from /home/yuting/dev/ng-blog/node_modules/karma-jasmine/package.json
25 verbose readDependencies loading dependencies from /home/yuting/dev/ng-blog/package.json
26 silly cache add args [ 'masonry-layout', null ]
27 verbose cache add spec masonry-layout
28 silly cache add parsed spec { raw: 'masonry-layout',
28 silly cache add   scope: null,
28 silly cache add   name: 'masonry-layout',
28 silly cache add   rawSpec: '',
28 silly cache add   spec: '*',
28 silly cache add   type: 'range' }
29 silly addNamed masonry-layout@*
30 verbose addNamed "*" is a valid semver range for masonry-layout
31 silly addNameRange { name: 'masonry-layout', range: '*', hasData: false }
32 silly mapToRegistry name masonry-layout
33 silly mapToRegistry using default registry
34 silly mapToRegistry registry https://registry.npmjs.org/
35 silly mapToRegistry uri https://registry.npmjs.org/masonry-layout
36 verbose addNameRange registry:https://registry.npmjs.org/masonry-layout not in flight; fetching
37 verbose request uri https://registry.npmjs.org/masonry-layout
38 verbose request no auth needed
39 info attempt registry request try #1 at 1:34:09 PM
40 verbose request id c75ca91e852c24c9
41 http request GET https://registry.npmjs.org/masonry-layout
42 http 200 https://registry.npmjs.org/masonry-layout
43 silly get cb [ 200,
43 silly get   { server: 'CouchDB/1.5.0 (Erlang OTP/R16B03)',
43 silly get     etag: '"EGN7CQFFWI2E1BPX4PCIWUMF4"',
43 silly get     'content-type': 'application/json',
43 silly get     'cache-control': 'max-age=60',
43 silly get     'content-length': '7722',
43 silly get     'accept-ranges': 'bytes',
43 silly get     date: 'Tue, 26 May 2015 18:34:12 GMT',
43 silly get     via: '1.1 varnish',
43 silly get     age: '0',
43 silly get     connection: 'keep-alive',
43 silly get     'x-served-by': 'cache-ord1731-ORD',
43 silly get     'x-cache': 'MISS',
43 silly get     'x-cache-hits': '0',
43 silly get     'x-timer': 'S1432665252.028282,VS0,VE43',
43 silly get     vary: 'Accept' } ]
44 verbose get saving masonry-layout to /home/yuting/.npm/registry.npmjs.org/masonry-layout/.cache.json
45 silly addNameRange number 2 { name: 'masonry-layout', range: '*', hasData: true }
46 silly addNameRange versions [ 'masonry-layout',
46 silly addNameRange   [ '3.2.0', '3.2.1', '3.2.2', '3.2.3', '3.3.0' ] ]
47 silly addNamed masonry-layout@3.3.0
48 verbose addNamed "3.3.0" is a plain semver version for masonry-layout
49 silly mapToRegistry name masonry-layout
50 silly mapToRegistry using default registry
51 silly mapToRegistry registry https://registry.npmjs.org/
52 silly mapToRegistry uri https://registry.npmjs.org/masonry-layout
53 verbose addRemoteTarball https://registry.npmjs.org/masonry-layout/-/masonry-layout-3.3.0.tgz not in flight; adding
54 verbose addRemoteTarball [ 'https://registry.npmjs.org/masonry-layout/-/masonry-layout-3.3.0.tgz',
54 verbose addRemoteTarball   '1b3fdda2aea63bea9254a72e560d68c932b7d76e' ]
55 info retry fetch attempt 1 at 1:34:09 PM
56 info attempt registry request try #1 at 1:34:09 PM
57 http fetch GET https://registry.npmjs.org/masonry-layout/-/masonry-layout-3.3.0.tgz
58 http fetch 200 https://registry.npmjs.org/masonry-layout/-/masonry-layout-3.3.0.tgz
59 silly fetchAndShaCheck shasum 1b3fdda2aea63bea9254a72e560d68c932b7d76e
60 verbose addTmpTarball /tmp/npm-25896-6474c6b6/registry.npmjs.org/masonry-layout/-/masonry-layout-3.3.0.tgz not in flight; adding
61 verbose addTmpTarball already have metadata; skipping unpack for masonry-layout@3.3.0
62 silly cache afterAdd masonry-layout@3.3.0
63 verbose afterAdd /home/yuting/.npm/masonry-layout/3.3.0/package/package.json not in flight; writing
64 verbose afterAdd /home/yuting/.npm/masonry-layout/3.3.0/package/package.json written
65 silly install resolved [ { name: 'masonry-layout',
65 silly install resolved     version: '3.3.0',
65 silly install resolved     description: 'Cascading grid layout library',
65 silly install resolved     main: 'masonry.js',
65 silly install resolved     dependencies:
65 silly install resolved      { 'get-size': '~1.2.2',
65 silly install resolved        outlayer: '~1.4.0',
65 silly install resolved        'fizzy-ui-utils': '^1.0.1' },
65 silly install resolved     devDependencies:
65 silly install resolved      { 'jquery-bridget': '1.1.x',
65 silly install resolved        'doc-ready': '1.x',
65 silly install resolved        qunitjs: '^1.12',
65 silly install resolved        jquery: '>=1.4.3 <2',
65 silly install resolved        grunt: '^0.4.4',
65 silly install resolved        'grunt-contrib-jshint': '^0.9.2',
65 silly install resolved        'grunt-contrib-uglify': '^0.4.0',
65 silly install resolved        'grunt-requirejs': '^0.4.1' },
65 silly install resolved     directories: { test: 'test' },
65 silly install resolved     scripts: { test: 'test/index.html' },
65 silly install resolved     repository: { type: 'git', url: 'git://github.com/desandro/masonry.git' },
65 silly install resolved     keywords: [ 'DOM', 'browser', 'grid', 'layout', 'outlayer' ],
65 silly install resolved     author: { name: 'David DeSandro' },
65 silly install resolved     license: 'MIT',
65 silly install resolved     bugs: { url: 'https://github.com/desandro/masonry/issues' },
65 silly install resolved     homepage: 'http://masonry.desandro.com',
65 silly install resolved     _id: 'masonry-layout@3.3.0',
65 silly install resolved     dist:
65 silly install resolved      { shasum: '1b3fdda2aea63bea9254a72e560d68c932b7d76e',
65 silly install resolved        tarball: 'http://registry.npmjs.org/masonry-layout/-/masonry-layout-3.3.0.tgz' },
65 silly install resolved     _from: 'masonry-layout@*',
65 silly install resolved     _npmVersion: '1.4.3',
65 silly install resolved     _npmUser: { name: 'desandro', email: 'desandrocodes@gmail.com' },
65 silly install resolved     maintainers: [ [Object] ],
65 silly install resolved     _shasum: '1b3fdda2aea63bea9254a72e560d68c932b7d76e',
65 silly install resolved     _resolved: 'https://registry.npmjs.org/masonry-layout/-/masonry-layout-3.3.0.tgz' } ]
66 info install masonry-layout@3.3.0 into /home/yuting/dev/ng-blog
67 info installOne masonry-layout@3.3.0
68 verbose installOne of masonry-layout to /home/yuting/dev/ng-blog not in flight; installing
69 warn locking Error: EACCES, open '/home/yuting/.npm/_locks/masonry-layout-fa54ceb753975163.lock'
69 warn locking     at Error (native)
69 warn locking  /home/yuting/.npm/_locks/masonry-layout-fa54ceb753975163.lock failed { [Error: EACCES, open '/home/yuting/.npm/_locks/masonry-layout-fa54ceb753975163.lock']
69 warn locking   errno: -13,
69 warn locking   code: 'EACCES',
69 warn locking   path: '/home/yuting/.npm/_locks/masonry-layout-fa54ceb753975163.lock' }
70 verbose stack Error: Attempt to unlock /home/yuting/dev/ng-blog/node_modules/masonry-layout, which hasn't been locked
70 verbose stack     at unlock (/usr/local/lib/node_modules/npm/lib/utils/locker.js:66:11)
70 verbose stack     at cb (/usr/local/lib/node_modules/npm/lib/install.js:1013:5)
70 verbose stack     at /usr/local/lib/node_modules/npm/lib/install.js:1017:20
70 verbose stack     at /usr/local/lib/node_modules/npm/lib/utils/locker.js:40:9
70 verbose stack     at cb (/usr/local/lib/node_modules/npm/node_modules/lockfile/lockfile.js:149:38)
70 verbose stack     at /usr/local/lib/node_modules/npm/node_modules/lockfile/lockfile.js:177:38
70 verbose stack     at FSReqWrap.oncomplete (fs.js:95:15)
71 verbose cwd /home/yuting/dev/ng-blog
72 error Linux 3.16.0-30-generic
73 error argv "node" "/usr/local/bin/npm" "install" "masonry-layout"
74 error node v0.12.2
75 error npm  v2.8.4
76 error Attempt to unlock /home/yuting/dev/ng-blog/node_modules/masonry-layout, which hasn't been locked
77 error If you need help, you may report this error at:
77 error     <https://github.com/npm/npm/issues>
78 verbose exit [ 1, true ]
